2021-06-17T07:19:20+00:00 CRITICAL Uncaught Error: Call to a member function getTemplates() on null in /home/ntebogangtech/public_html/bomra_wp/wp-content/plugins/wpdm-elementor/src/widgets/PackagesWidget.php:164
Stack trace:
#0 /home/ntebogangtech/public_html/bomra_wp/wp-content/plugins/elementor/includes/base/controls-stack.php(1946): WPDM\Elementor\Widgets\PackagesWidget->_register_controls()
#1 /home/ntebogangtech/public_html/bomra_wp/wp-content/plugins/elementor/includes/base/controls-stack.php(498): Elementor\Controls_Stack->init_controls()
#2 /home/ntebogangtech/public_html/bomra_wp/wp-content/plugins/elementor/includes/base/widget-base.php(150): Elementor\Controls_Stack->get_stack()
#3 /home/ntebogangtech/public_html/bomra_wp/wp-content/plugins/elementor/includes/managers/widgets.php(274): Elementor\Widget_Base->get_stack(false)
#4 [internal function]: Elementor\Widgets_Manager->ajax_get_widget_types_controls_config(Array, Object(Elementor\Core\Common\Modules\Ajax\Module))
#5 /home/ntebogangtech/public_html/bomra_wp/wp-content/plugins/ in /home/ntebogangtech/public_html/bomra_wp/wp-content/plugins/wpdm-elementor/src/widgets/PackagesWidget.php on line 164

2021-06-17T07:32:04+00:00 CRITICAL Uncaught Error: Call to a member function getTemplates() on null in /home/ntebogangtech/public_html/bomra_wp/wp-content/plugins/wpdm-elementor/src/widgets/PackagesWidget.php:164
Stack trace:
#0 /home/ntebogangtech/public_html/bomra_wp/wp-content/plugins/elementor/includes/base/controls-stack.php(1946): WPDM\Elementor\Widgets\PackagesWidget->_register_controls()
#1 /home/ntebogangtech/public_html/bomra_wp/wp-content/plugins/elementor/includes/base/controls-stack.php(498): Elementor\Controls_Stack->init_controls()
#2 /home/ntebogangtech/public_html/bomra_wp/wp-content/plugins/elementor/includes/base/widget-base.php(150): Elementor\Controls_Stack->get_stack()
#3 /home/ntebogangtech/public_html/bomra_wp/wp-content/plugins/elementor/includes/managers/widgets.php(274): Elementor\Widget_Base->get_stack(false)
#4 [internal function]: Elementor\Widgets_Manager->ajax_get_widget_types_controls_config(Array, Object(Elementor\Core\Common\Modules\Ajax\Module))
#5 /home/ntebogangtech/public_html/bomra_wp/wp-content/plugins/ in /home/ntebogangtech/public_html/bomra_wp/wp-content/plugins/wpdm-elementor/src/widgets/PackagesWidget.php on line 164

2021-06-17T07:33:01+00:00 CRITICAL Uncaught Error: Call to a member function getTemplates() on null in /home/ntebogangtech/public_html/bomra_wp/wp-content/plugins/wpdm-elementor/src/widgets/PackagesWidget.php:164
Stack trace:
#0 /home/ntebogangtech/public_html/bomra_wp/wp-content/plugins/elementor/includes/base/controls-stack.php(1946): WPDM\Elementor\Widgets\PackagesWidget->_register_controls()
#1 /home/ntebogangtech/public_html/bomra_wp/wp-content/plugins/elementor/includes/base/controls-stack.php(498): Elementor\Controls_Stack->init_controls()
#2 /home/ntebogangtech/public_html/bomra_wp/wp-content/plugins/elementor/includes/base/widget-base.php(150): Elementor\Controls_Stack->get_stack()
#3 /home/ntebogangtech/public_html/bomra_wp/wp-content/plugins/elementor/includes/managers/widgets.php(274): Elementor\Widget_Base->get_stack(false)
#4 [internal function]: Elementor\Widgets_Manager->ajax_get_widget_types_controls_config(Array, Object(Elementor\Core\Common\Modules\Ajax\Module))
#5 /home/ntebogangtech/public_html/bomra_wp/wp-content/plugins/ in /home/ntebogangtech/public_html/bomra_wp/wp-content/plugins/wpdm-elementor/src/widgets/PackagesWidget.php on line 164

2021-06-17T07:44:14+00:00 CRITICAL Uncaught Error: Call to a member function getTemplates() on null in /home/ntebogangtech/public_html/bomra_wp/wp-content/plugins/wpdm-elementor/src/widgets/PackagesWidget.php:164
Stack trace:
#0 /home/ntebogangtech/public_html/bomra_wp/wp-content/plugins/elementor/includes/base/controls-stack.php(1946): WPDM\Elementor\Widgets\PackagesWidget->_register_controls()
#1 /home/ntebogangtech/public_html/bomra_wp/wp-content/plugins/elementor/includes/base/controls-stack.php(498): Elementor\Controls_Stack->init_controls()
#2 /home/ntebogangtech/public_html/bomra_wp/wp-content/plugins/elementor/includes/base/widget-base.php(150): Elementor\Controls_Stack->get_stack()
#3 /home/ntebogangtech/public_html/bomra_wp/wp-content/plugins/elementor/includes/managers/widgets.php(274): Elementor\Widget_Base->get_stack(false)
#4 [internal function]: Elementor\Widgets_Manager->ajax_get_widget_types_controls_config(Array, Object(Elementor\Core\Common\Modules\Ajax\Module))
#5 /home/ntebogangtech/public_html/bomra_wp/wp-content/plugins/ in /home/ntebogangtech/public_html/bomra_wp/wp-content/plugins/wpdm-elementor/src/widgets/PackagesWidget.php on line 164

2021-06-17T07:44:27+00:00 CRITICAL Uncaught Error: Call to a member function getTemplates() on null in /home/ntebogangtech/public_html/bomra_wp/wp-content/plugins/wpdm-elementor/src/widgets/PackagesWidget.php:164
Stack trace:
#0 /home/ntebogangtech/public_html/bomra_wp/wp-content/plugins/elementor/includes/base/controls-stack.php(1946): WPDM\Elementor\Widgets\PackagesWidget->_register_controls()
#1 /home/ntebogangtech/public_html/bomra_wp/wp-content/plugins/elementor/includes/base/controls-stack.php(498): Elementor\Controls_Stack->init_controls()
#2 /home/ntebogangtech/public_html/bomra_wp/wp-content/plugins/elementor/includes/base/widget-base.php(150): Elementor\Controls_Stack->get_stack()
#3 /home/ntebogangtech/public_html/bomra_wp/wp-content/plugins/elementor/includes/managers/widgets.php(274): Elementor\Widget_Base->get_stack(false)
#4 [internal function]: Elementor\Widgets_Manager->ajax_get_widget_types_controls_config(Array, Object(Elementor\Core\Common\Modules\Ajax\Module))
#5 /home/ntebogangtech/public_html/bomra_wp/wp-content/plugins/ in /home/ntebogangtech/public_html/bomra_wp/wp-content/plugins/wpdm-elementor/src/widgets/PackagesWidget.php on line 164

2021-06-17T08:02:44+00:00 CRITICAL Uncaught Error: Call to a member function getTemplates() on null in /home/ntebogangtech/public_html/bomra_wp/wp-content/plugins/wpdm-elementor/src/widgets/PackagesWidget.php:164
Stack trace:
#0 /home/ntebogangtech/public_html/bomra_wp/wp-content/plugins/elementor/includes/base/controls-stack.php(1946): WPDM\Elementor\Widgets\PackagesWidget->_register_controls()
#1 /home/ntebogangtech/public_html/bomra_wp/wp-content/plugins/elementor/includes/base/controls-stack.php(498): Elementor\Controls_Stack->init_controls()
#2 /home/ntebogangtech/public_html/bomra_wp/wp-content/plugins/elementor/includes/base/widget-base.php(150): Elementor\Controls_Stack->get_stack()
#3 /home/ntebogangtech/public_html/bomra_wp/wp-content/plugins/elementor/includes/managers/widgets.php(274): Elementor\Widget_Base->get_stack(false)
#4 [internal function]: Elementor\Widgets_Manager->ajax_get_widget_types_controls_config(Array, Object(Elementor\Core\Common\Modules\Ajax\Module))
#5 /home/ntebogangtech/public_html/bomra_wp/wp-content/plugins/ in /home/ntebogangtech/public_html/bomra_wp/wp-content/plugins/wpdm-elementor/src/widgets/PackagesWidget.php on line 164

2021-06-17T08:04:32+00:00 CRITICAL Uncaught Error: Call to a member function getTemplates() on null in /home/ntebogangtech/public_html/bomra_wp/wp-content/plugins/wpdm-elementor/src/widgets/PackagesWidget.php:164
Stack trace:
#0 /home/ntebogangtech/public_html/bomra_wp/wp-content/plugins/elementor/includes/base/controls-stack.php(1946): WPDM\Elementor\Widgets\PackagesWidget->_register_controls()
#1 /home/ntebogangtech/public_html/bomra_wp/wp-content/plugins/elementor/includes/base/controls-stack.php(498): Elementor\Controls_Stack->init_controls()
#2 /home/ntebogangtech/public_html/bomra_wp/wp-content/plugins/elementor/includes/base/widget-base.php(150): Elementor\Controls_Stack->get_stack()
#3 /home/ntebogangtech/public_html/bomra_wp/wp-content/plugins/elementor/includes/managers/widgets.php(274): Elementor\Widget_Base->get_stack(false)
#4 [internal function]: Elementor\Widgets_Manager->ajax_get_widget_types_controls_config(Array, Object(Elementor\Core\Common\Modules\Ajax\Module))
#5 /home/ntebogangtech/public_html/bomra_wp/wp-content/plugins/ in /home/ntebogangtech/public_html/bomra_wp/wp-content/plugins/wpdm-elementor/src/widgets/PackagesWidget.php on line 164

