[2022-06-27 08:05:13 : INFO] - Could not find file for image: ID=22903, file=/home/developerco/public_html/bomra/wp-content/uploads/2022/05/headphone.jpg 
[2022-06-27 08:05:13 : INFO] - Could not find file for image: ID=22902, file=/home/developerco/public_html/bomra/wp-content/uploads/2022/05/placeholder-1.jpg 
[2022-06-27 08:05:13 : INFO] - Could not find file for image: ID=22901, file=/home/developerco/public_html/bomra/wp-content/uploads/2022/05/placeholder.jpg 
[2022-06-27 08:05:13 : INFO] - Could not find file for image: ID=22666, file=/home/developerco/public_html/bomra/wp-content/uploads/2022/05/Clinical-Trials-Vaccines.webp 
[2022-06-27 08:05:13 : INFO] - Could not find file for image: ID=22662, file=/home/developerco/public_html/bomra/wp-content/uploads/2022/05/Clinical-Trials-vaccination-1.webp 
[2022-06-27 08:05:13 : INFO] - Could not find file for image: ID=22654, file=/home/developerco/public_html/bomra/wp-content/uploads/2022/05/Clinical-trials-vaccination.webp 
[2022-06-27 08:05:13 : INFO] - Could not find file for image: ID=22652, file=/home/developerco/public_html/bomra/wp-content/uploads/2022/05/goggy.jpg 
[2022-06-27 08:05:13 : INFO] - Could not find file for image: ID=22556, file=/home/developerco/public_html/bomra/wp-content/uploads/2022/05/Zazibona-Collaborative-Process.webp 
[2022-06-27 08:05:13 : INFO] - Could not find file for image: ID=22478, file=/home/developerco/public_html/bomra/wp-content/uploads/2022/05/Zazibona-Collaboration.webp 
[2022-06-27 08:05:13 : INFO] - Could not find file for image: ID=22449, file=/home/developerco/public_html/bomra/wp-content/uploads/2022/05/Licensing-and-Enforcement-1-1.jpg 
[2022-06-27 08:05:13 : INFO] - Could not find file for image: ID=22386, file=/home/developerco/public_html/bomra/wp-content/uploads/2022/05/ty.jpg 
[2022-06-27 08:05:13 : INFO] - Could not find file for image: ID=22365, file=/home/developerco/public_html/bomra/wp-content/uploads/2022/05/qi-addons-for-elementor-placeholder.png 
[2022-06-27 08:05:13 : INFO] - Could not find file for image: ID=22349, file=/home/developerco/public_html/bomra/wp-content/uploads/2022/05/AppleStore-Button.webp 
[2022-06-27 08:05:13 : INFO] - Could not find file for image: ID=22345, file=/home/developerco/public_html/bomra/wp-content/uploads/2022/05/AppeStore-Button-2.webp 
[2022-06-27 08:05:13 : INFO] - Could not find file for image: ID=22344, file=/home/developerco/public_html/bomra/wp-content/uploads/2022/05/AppeStore-Button-1.webp 
[2022-06-27 08:05:13 : INFO] - Could not find file for image: ID=22343, file=/home/developerco/public_html/bomra/wp-content/uploads/2022/05/AppeStore-Button.webp 
[2022-06-27 08:05:13 : INFO] - Could not find file for image: ID=22336, file=/home/developerco/public_html/bomra/wp-content/uploads/2022/05/Download-App-Store.webp 
[2022-06-27 08:05:13 : INFO] - Could not find file for image: ID=22328, file=/home/developerco/public_html/bomra/wp-content/uploads/2022/05/mmo.jpg 
[2022-06-27 08:05:13 : INFO] - Could not find file for image: ID=22319, file=/home/developerco/public_html/bomra/wp-content/uploads/2022/05/public1-1.jpg 
[2022-06-27 08:05:13 : INFO] - Could not find file for image: ID=22318, file=/home/developerco/public_html/bomra/wp-content/uploads/2022/05/public2-1.jpg 
[2022-06-27 08:05:13 : INFO] - Could not find file for image: ID=22317, file=/home/developerco/public_html/bomra/wp-content/uploads/2022/05/public5-1.jpg 
[2022-06-27 08:05:13 : INFO] - Could not find file for image: ID=22316, file=/home/developerco/public_html/bomra/wp-content/uploads/2022/05/public8-c.png 
[2022-06-27 08:05:13 : INFO] - Could not find file for image: ID=22315, file=/home/developerco/public_html/bomra/wp-content/uploads/2022/05/public8-b.png 
[2022-06-27 08:05:13 : INFO] - Could not find file for image: ID=22314, file=/home/developerco/public_html/bomra/wp-content/uploads/2022/05/public8-a.jpg 
[2022-06-27 08:05:13 : INFO] - Could not find file for image: ID=22309, file=/home/developerco/public_html/bomra/wp-content/uploads/2022/05/public2.jpg 
[2022-06-27 08:05:13 : INFO] - Could not find file for image: ID=22284, file=/home/developerco/public_html/bomra/wp-content/uploads/2022/05/public7.jpg 
[2022-06-27 08:05:13 : INFO] - Could not find file for image: ID=22283, file=/home/developerco/public_html/bomra/wp-content/uploads/2022/05/public8-e1652684256972.jpg 
[2022-06-27 08:05:13 : INFO] - Could not find file for image: ID=22282, file=/home/developerco/public_html/bomra/wp-content/uploads/2022/05/public10.jpg 
[2022-06-27 08:05:13 : INFO] - Could not find file for image: ID=22281, file=/home/developerco/public_html/bomra/wp-content/uploads/2022/05/public3.jpg 
[2022-06-27 08:05:13 : INFO] - Could not find file for image: ID=22280, file=/home/developerco/public_html/bomra/wp-content/uploads/2022/05/public4.jpg 
[2022-06-27 08:05:13 : INFO] - Could not find file for image: ID=22279, file=/home/developerco/public_html/bomra/wp-content/uploads/2022/05/public5.jpg 
[2022-06-27 08:05:13 : INFO] - Could not find file for image: ID=22275, file=/home/developerco/public_html/bomra/wp-content/uploads/2022/05/public1.jpg 
[2022-06-27 08:05:13 : INFO] - Could not find file for image: ID=22265, file=/home/developerco/public_html/bomra/wp-content/uploads/2022/05/App-Store-btn.webp 
[2022-06-27 08:05:13 : INFO] - Could not find file for image: ID=22261, file=/home/developerco/public_html/bomra/wp-content/uploads/2022/05/App-Store-Button.webp 
[2022-06-27 08:05:13 : INFO] - Could not find file for image: ID=22242, file=/home/developerco/public_html/bomra/wp-content/uploads/2022/05/App-Store.webp 
[2022-06-27 08:05:13 : INFO] - Could not find file for image: ID=22042, file=/home/developerco/public_html/bomra/wp-content/uploads/2022/05/Southern-Africa.png 
[2022-06-27 08:05:13 : INFO] - Could not find file for image: ID=22010, file=/home/developerco/public_html/bomra/wp-content/uploads/2022/05/strengthening.png 
[2022-06-27 08:05:13 : INFO] - Could not find file for image: ID=22006, file=/home/developerco/public_html/bomra/wp-content/uploads/2022/05/medical-bottles-pills.webp 
[2022-06-27 08:05:13 : INFO] - Could not find file for image: ID=21997, file=/home/developerco/public_html/bomra/wp-content/uploads/2022/05/medical-bottles.webp 
